c:\users\yoon\documents\github\cplusplustetris\c++tetris\c++tetris\x64\debug\vc142.pdb
c:\users\yoon\documents\github\cplusplustetris\c++tetris\c++tetris\x64\debug\vc142.idb
c:\users\yoon\documents\github\cplusplustetris\c++tetris\c++tetris\x64\debug\소스.obj
c:\users\yoon\documents\github\cplusplustetris\c++tetris\c++tetris\x64\debug\tetromino.obj
c:\users\yoon\documents\github\cplusplustetris\c++tetris\c++tetris\x64\debug\tetrisplayer.obj
c:\users\yoon\documents\github\cplusplustetris\c++tetris\c++tetris\x64\debug\test_main.obj
c:\users\yoon\documents\github\cplusplustetris\c++tetris\c++tetris\x64\debug\stage.obj
c:\users\yoon\documents\github\cplusplustetris\c++tetris\c++tetris\x64\debug\selectmodecontainer.obj
c:\users\yoon\documents\github\cplusplustetris\c++tetris\c++tetris\x64\debug\selectlevelcontainer.obj
c:\users\yoon\documents\github\cplusplustetris\c++tetris\c++tetris\x64\debug\oddtetromino.obj
c:\users\yoon\documents\github\cplusplustetris\c++tetris\c++tetris\x64\debug\main.obj
c:\users\yoon\documents\github\cplusplustetris\c++tetris\c++tetris\x64\debug\logocontainer.obj
c:\users\yoon\documents\github\cplusplustetris\c++tetris\c++tetris\x64\debug\gamecontainer.obj
c:\users\yoon\documents\github\cplusplustetris\c++tetris\c++tetris\x64\debug\container.obj
c:\users\yoon\documents\github\cplusplustetris\c++tetris\c++tetris\x64\debug\oddcontainer.obj
c:\users\yoon\documents\github\cplusplustetris\c++tetris\c++tetris\x64\debug\storycontainer.obj
c:\users\yoon\documents\github\cplusplustetris\c++tetris\c++tetris\x64\debug\randomfieldcontainer.obj
c:\users\yoon\documents\github\cplusplustetris\c++tetris\c++tetris\x64\debug\tetriscreatedbyc.obj
c:\users\yoon\documents\github\cplusplustetris\c++tetris\x64\debug\c++tetris.exe
c:\users\yoon\documents\github\cplusplustetris\c++tetris\x64\debug\c++tetris.ilk
c:\users\yoon\documents\github\cplusplustetris\c++tetris\x64\debug\c++tetris.pdb
c:\users\yoon\documents\github\cplusplustetris\c++tetris\c++tetris\x64\debug\c++tetris.tlog\cl.command.1.tlog
c:\users\yoon\documents\github\cplusplustetris\c++tetris\c++tetris\x64\debug\c++tetris.tlog\cl.read.1.tlog
c:\users\yoon\documents\github\cplusplustetris\c++tetris\c++tetris\x64\debug\c++tetris.tlog\cl.write.1.tlog
c:\users\yoon\documents\github\cplusplustetris\c++tetris\c++tetris\x64\debug\c++tetris.tlog\link.command.1.tlog
c:\users\yoon\documents\github\cplusplustetris\c++tetris\c++tetris\x64\debug\c++tetris.tlog\link.read.1.tlog
c:\users\yoon\documents\github\cplusplustetris\c++tetris\c++tetris\x64\debug\c++tetris.tlog\link.write.1.tlog
