  AppliancesContainer.cpp
  ClothContainer.cpp
  ClothTetromino.cpp
  AppliancesTetromino.cpp
  GameContainer.cpp
  LogoContainer.cpp
  OddContainer.cpp
  OddTetromino.cpp
  RandomFieldContainer.cpp
  SpeedContainer.cpp
  StoryContainer.cpp
  test_main.cpp
  TetrisPlayer.cpp
  Tetromino.cpp
  TrashContainer.cpp
  TrashTetromino.cpp
  코드를 생성하고 있습니다...
C:\Users\yoon\Documents\GitHub\CplusplusTetris\C++Tetris\C++Tetris\RandomFieldContainer.cpp(10,6): warning C4101: 'i' :참조되지 않은 지역 변수입니다.
  LINK : C:\Users\yoon\Documents\GitHub\CplusplusTetris\C++Tetris\x64\Debug\C++Tetris.exe을(를) 찾을 수 없거나 마지막 증분 링크에 의해 빌드되지 않았습니다. 전체 링크를 수행하고 있습니다.
  C++Tetris.vcxproj -> C:\Users\yoon\Documents\GitHub\CplusplusTetris\C++Tetris\x64\Debug\C++Tetris.exe
